<?xml version="1.0" encoding="UTF-8"?>
<testsuite xmlns:xsi="http://www.w3.org/2001/XMLSchema-instance" xsi:noNamespaceSchemaLocation="https://maven.apache.org/surefire/maven-surefire-plugin/xsd/surefire-test-report.xsd" name="cucumber.Options.TestRunner" time="0.204" tests="1" errors="1" skipped="0" failures="0">
  <properties>
    <property name="java.specification.version" value="14"/>
    <property name="sun.jnu.encoding" value="UTF-8"/>
    <property name="java.class.path" value="/Users/nehashah/IdeaProjects/RestAssuredAPIDemo/target/test-classes:/Users/nehashah/IdeaProjects/RestAssuredAPIDemo/target/classes:/Users/nehashah/.m2/repository/io/rest-assured/json-path/4.3.0/json-path-4.3.0.jar:/Users/nehashah/.m2/repository/org/codehaus/groovy/groovy-json/3.0.2/groovy-json-3.0.2.jar:/Users/nehashah/.m2/repository/org/codehaus/groovy/groovy/3.0.2/groovy-3.0.2.jar:/Users/nehashah/.m2/repository/io/rest-assured/rest-assured-common/4.3.0/rest-assured-common-4.3.0.jar:/Users/nehashah/.m2/repository/org/apache/commons/commons-lang3/3.4/commons-lang3-3.4.jar:/Users/nehashah/.m2/repository/junit/junit/4.11/junit-4.11.jar:/Users/nehashah/.m2/repository/org/hamcrest/hamcrest-core/1.3/hamcrest-core-1.3.jar:/Users/nehashah/.m2/repository/io/cucumber/cucumber-java/6.1.1/cucumber-java-6.1.1.jar:/Users/nehashah/.m2/repository/org/apiguardian/apiguardian-api/1.1.0/apiguardian-api-1.1.0.jar:/Users/nehashah/.m2/repository/io/cucumber/cucumber-core/6.1.2/cucumber-core-6.1.2.jar:/Users/nehashah/.m2/repository/io/cucumber/cucumber-gherkin/6.1.2/cucumber-gherkin-6.1.2.jar:/Users/nehashah/.m2/repository/io/cucumber/cucumber-gherkin-messages/6.1.2/cucumber-gherkin-messages-6.1.2.jar:/Users/nehashah/.m2/repository/io/cucumber/messages/12.1.1/messages-12.1.1.jar:/Users/nehashah/.m2/repository/io/cucumber/tag-expressions/3.0.0/tag-expressions-3.0.0.jar:/Users/nehashah/.m2/repository/io/cucumber/cucumber-expressions/10.2.1/cucumber-expressions-10.2.1.jar:/Users/nehashah/.m2/repository/io/cucumber/datatable/3.3.1/datatable-3.3.1.jar:/Users/nehashah/.m2/repository/io/cucumber/cucumber-plugin/6.1.2/cucumber-plugin-6.1.2.jar:/Users/nehashah/.m2/repository/io/cucumber/docstring/6.1.2/docstring-6.1.2.jar:/Users/nehashah/.m2/repository/io/cucumber/html-formatter/6.0.3/html-formatter-6.0.3.jar:/Users/nehashah/.m2/repository/com/fasterxml/jackson/core/jackson-databind/2.9.10.5/jackson-databind-2.9.10.5.jar:/Users/nehashah/.m2/repository/com/fasterxml/jackson/core/jackson-annotations/2.9.10/jackson-annotations-2.9.10.jar:/Users/nehashah/.m2/repository/com/fasterxml/jackson/core/jackson-core/2.9.10/jackson-core-2.9.10.jar:/Users/nehashah/.m2/repository/io/cucumber/cucumber-junit/6.1.1/cucumber-junit-6.1.1.jar:/Users/nehashah/.m2/repository/com/googlecode/json-simple/json-simple/1.1.1/json-simple-1.1.1.jar:/Users/nehashah/.m2/repository/io/rest-assured/rest-assured/4.3.0/rest-assured-4.3.0.jar:/Users/nehashah/.m2/repository/org/codehaus/groovy/groovy-xml/3.0.2/groovy-xml-3.0.2.jar:/Users/nehashah/.m2/repository/org/apache/httpcomponents/httpclient/4.5.3/httpclient-4.5.3.jar:/Users/nehashah/.m2/repository/org/apache/httpcomponents/httpcore/4.4.6/httpcore-4.4.6.jar:/Users/nehashah/.m2/repository/commons-logging/commons-logging/1.2/commons-logging-1.2.jar:/Users/nehashah/.m2/repository/commons-codec/commons-codec/1.9/commons-codec-1.9.jar:/Users/nehashah/.m2/repository/org/apache/httpcomponents/httpmime/4.5.3/httpmime-4.5.3.jar:/Users/nehashah/.m2/repository/org/hamcrest/hamcrest/2.1/hamcrest-2.1.jar:/Users/nehashah/.m2/repository/org/ccil/cowan/tagsoup/tagsoup/1.2.1/tagsoup-1.2.1.jar:/Users/nehashah/.m2/repository/io/rest-assured/xml-path/4.3.0/xml-path-4.3.0.jar:/Users/nehashah/.m2/repository/jakarta/xml/bind/jakarta.xml.bind-api/2.3.2/jakarta.xml.bind-api-2.3.2.jar:/Users/nehashah/.m2/repository/jakarta/activation/jakarta.activation-api/1.2.1/jakarta.activation-api-1.2.1.jar:/Users/nehashah/.m2/repository/com/sun/xml/bind/jaxb-osgi/2.3.0.1/jaxb-osgi-2.3.0.1.jar:/Users/nehashah/.m2/repository/org/apache/sling/org.apache.sling.javax.activation/0.1.0/org.apache.sling.javax.activation-0.1.0.jar:/Users/nehashah/.m2/repository/javax/activation/activation/1.1.1/activation-1.1.1.jar:/Users/nehashah/.m2/repository/de/monochromata/cucumber/reporting-plugin/4.0.60/reporting-plugin-4.0.60.jar:/Users/nehashah/.m2/repository/io/cucumber/gherkin/14.0.1/gherkin-14.0.1.jar:/Users/nehashah/.m2/repository/net/masterthought/cucumber-reporting/5.3.0/cucumber-reporting-5.3.0.jar:/Users/nehashah/.m2/repository/com/fasterxml/jackson/datatype/jackson-datatype-jsr310/2.10.1/jackson-datatype-jsr310-2.10.1.jar:/Users/nehashah/.m2/repository/org/apache/velocity/velocity-engine-core/2.1/velocity-engine-core-2.1.jar:/Users/nehashah/.m2/repository/org/slf4j/slf4j-api/1.7.26/slf4j-api-1.7.26.jar:/Users/nehashah/.m2/repository/commons-collections/commons-collections/3.2.2/commons-collections-3.2.2.jar:/Users/nehashah/.m2/repository/joda-time/joda-time/2.10.5/joda-time-2.10.5.jar:/Users/nehashah/.m2/repository/commons-io/commons-io/2.6/commons-io-2.6.jar:/Users/nehashah/.m2/repository/org/codehaus/plexus/plexus-utils/3.3.0/plexus-utils-3.3.0.jar:/Users/nehashah/.m2/repository/org/jsoup/jsoup/1.12.1/jsoup-1.12.1.jar:/Users/nehashah/.m2/repository/com/googlecode/owasp-java-html-sanitizer/owasp-java-html-sanitizer/20191001.1/owasp-java-html-sanitizer-20191001.1.jar:/Users/nehashah/.m2/repository/com/google/guava/guava/27.1-jre/guava-27.1-jre.jar:/Users/nehashah/.m2/repository/com/google/guava/failureaccess/1.0.1/failureaccess-1.0.1.jar:/Users/nehashah/.m2/repository/com/google/guava/listenablefuture/9999.0-empty-to-avoid-conflict-with-guava/listenablefuture-9999.0-empty-to-avoid-conflict-with-guava.jar:/Users/nehashah/.m2/repository/com/google/code/findbugs/jsr305/3.0.2/jsr305-3.0.2.jar:/Users/nehashah/.m2/repository/org/checkerframework/checker-qual/2.5.2/checker-qual-2.5.2.jar:/Users/nehashah/.m2/repository/com/google/errorprone/error_prone_annotations/2.2.0/error_prone_annotations-2.2.0.jar:/Users/nehashah/.m2/repository/com/google/j2objc/j2objc-annotations/1.1/j2objc-annotations-1.1.jar:/Users/nehashah/.m2/repository/org/codehaus/mojo/animal-sniffer-annotations/1.17/animal-sniffer-annotations-1.17.jar:/Users/nehashah/.m2/repository/commons-configuration/commons-configuration/1.10/commons-configuration-1.10.jar:/Users/nehashah/.m2/repository/commons-lang/commons-lang/2.6/commons-lang-2.6.jar:"/>
    <property name="java.vm.vendor" value="Oracle Corporation"/>
    <property name="sun.arch.data.model" value="64"/>
    <property name="java.vendor.url" value="https://java.oracle.com/"/>
    <property name="os.name" value="Mac OS X"/>
    <property name="java.vm.specification.version" value="14"/>
    <property name="sun.java.launcher" value="SUN_STANDARD"/>
    <property name="user.country" value="AE"/>
    <property name="sun.boot.library.path" value="/Users/nehashah/Library/Java/JavaVirtualMachines/openjdk-14.0.1-1/Contents/Home/lib"/>
    <property name="sun.java.command" value="/Users/nehashah/IdeaProjects/RestAssuredAPIDemo/target/surefire/surefirebooter11879922235861352700.jar /Users/nehashah/IdeaProjects/RestAssuredAPIDemo/target/surefire 2020-07-03T18-23-47_398-jvmRun1 surefire10211568385637387858tmp surefire_03694987208924235121tmp"/>
    <property name="http.nonProxyHosts" value="local|*.local|169.254/16|*.169.254/16"/>
    <property name="jdk.debug" value="release"/>
    <property name="surefire.test.class.path" value="/Users/nehashah/IdeaProjects/RestAssuredAPIDemo/target/test-classes:/Users/nehashah/IdeaProjects/RestAssuredAPIDemo/target/classes:/Users/nehashah/.m2/repository/io/rest-assured/json-path/4.3.0/json-path-4.3.0.jar:/Users/nehashah/.m2/repository/org/codehaus/groovy/groovy-json/3.0.2/groovy-json-3.0.2.jar:/Users/nehashah/.m2/repository/org/codehaus/groovy/groovy/3.0.2/groovy-3.0.2.jar:/Users/nehashah/.m2/repository/io/rest-assured/rest-assured-common/4.3.0/rest-assured-common-4.3.0.jar:/Users/nehashah/.m2/repository/org/apache/commons/commons-lang3/3.4/commons-lang3-3.4.jar:/Users/nehashah/.m2/repository/junit/junit/4.11/junit-4.11.jar:/Users/nehashah/.m2/repository/org/hamcrest/hamcrest-core/1.3/hamcrest-core-1.3.jar:/Users/nehashah/.m2/repository/io/cucumber/cucumber-java/6.1.1/cucumber-java-6.1.1.jar:/Users/nehashah/.m2/repository/org/apiguardian/apiguardian-api/1.1.0/apiguardian-api-1.1.0.jar:/Users/nehashah/.m2/repository/io/cucumber/cucumber-core/6.1.2/cucumber-core-6.1.2.jar:/Users/nehashah/.m2/repository/io/cucumber/cucumber-gherkin/6.1.2/cucumber-gherkin-6.1.2.jar:/Users/nehashah/.m2/repository/io/cucumber/cucumber-gherkin-messages/6.1.2/cucumber-gherkin-messages-6.1.2.jar:/Users/nehashah/.m2/repository/io/cucumber/messages/12.1.1/messages-12.1.1.jar:/Users/nehashah/.m2/repository/io/cucumber/tag-expressions/3.0.0/tag-expressions-3.0.0.jar:/Users/nehashah/.m2/repository/io/cucumber/cucumber-expressions/10.2.1/cucumber-expressions-10.2.1.jar:/Users/nehashah/.m2/repository/io/cucumber/datatable/3.3.1/datatable-3.3.1.jar:/Users/nehashah/.m2/repository/io/cucumber/cucumber-plugin/6.1.2/cucumber-plugin-6.1.2.jar:/Users/nehashah/.m2/repository/io/cucumber/docstring/6.1.2/docstring-6.1.2.jar:/Users/nehashah/.m2/repository/io/cucumber/html-formatter/6.0.3/html-formatter-6.0.3.jar:/Users/nehashah/.m2/repository/com/fasterxml/jackson/core/jackson-databind/2.9.10.5/jackson-databind-2.9.10.5.jar:/Users/nehashah/.m2/repository/com/fasterxml/jackson/core/jackson-annotations/2.9.10/jackson-annotations-2.9.10.jar:/Users/nehashah/.m2/repository/com/fasterxml/jackson/core/jackson-core/2.9.10/jackson-core-2.9.10.jar:/Users/nehashah/.m2/repository/io/cucumber/cucumber-junit/6.1.1/cucumber-junit-6.1.1.jar:/Users/nehashah/.m2/repository/com/googlecode/json-simple/json-simple/1.1.1/json-simple-1.1.1.jar:/Users/nehashah/.m2/repository/io/rest-assured/rest-assured/4.3.0/rest-assured-4.3.0.jar:/Users/nehashah/.m2/repository/org/codehaus/groovy/groovy-xml/3.0.2/groovy-xml-3.0.2.jar:/Users/nehashah/.m2/repository/org/apache/httpcomponents/httpclient/4.5.3/httpclient-4.5.3.jar:/Users/nehashah/.m2/repository/org/apache/httpcomponents/httpcore/4.4.6/httpcore-4.4.6.jar:/Users/nehashah/.m2/repository/commons-logging/commons-logging/1.2/commons-logging-1.2.jar:/Users/nehashah/.m2/repository/commons-codec/commons-codec/1.9/commons-codec-1.9.jar:/Users/nehashah/.m2/repository/org/apache/httpcomponents/httpmime/4.5.3/httpmime-4.5.3.jar:/Users/nehashah/.m2/repository/org/hamcrest/hamcrest/2.1/hamcrest-2.1.jar:/Users/nehashah/.m2/repository/org/ccil/cowan/tagsoup/tagsoup/1.2.1/tagsoup-1.2.1.jar:/Users/nehashah/.m2/repository/io/rest-assured/xml-path/4.3.0/xml-path-4.3.0.jar:/Users/nehashah/.m2/repository/jakarta/xml/bind/jakarta.xml.bind-api/2.3.2/jakarta.xml.bind-api-2.3.2.jar:/Users/nehashah/.m2/repository/jakarta/activation/jakarta.activation-api/1.2.1/jakarta.activation-api-1.2.1.jar:/Users/nehashah/.m2/repository/com/sun/xml/bind/jaxb-osgi/2.3.0.1/jaxb-osgi-2.3.0.1.jar:/Users/nehashah/.m2/repository/org/apache/sling/org.apache.sling.javax.activation/0.1.0/org.apache.sling.javax.activation-0.1.0.jar:/Users/nehashah/.m2/repository/javax/activation/activation/1.1.1/activation-1.1.1.jar:/Users/nehashah/.m2/repository/de/monochromata/cucumber/reporting-plugin/4.0.60/reporting-plugin-4.0.60.jar:/Users/nehashah/.m2/repository/io/cucumber/gherkin/14.0.1/gherkin-14.0.1.jar:/Users/nehashah/.m2/repository/net/masterthought/cucumber-reporting/5.3.0/cucumber-reporting-5.3.0.jar:/Users/nehashah/.m2/repository/com/fasterxml/jackson/datatype/jackson-datatype-jsr310/2.10.1/jackson-datatype-jsr310-2.10.1.jar:/Users/nehashah/.m2/repository/org/apache/velocity/velocity-engine-core/2.1/velocity-engine-core-2.1.jar:/Users/nehashah/.m2/repository/org/slf4j/slf4j-api/1.7.26/slf4j-api-1.7.26.jar:/Users/nehashah/.m2/repository/commons-collections/commons-collections/3.2.2/commons-collections-3.2.2.jar:/Users/nehashah/.m2/repository/joda-time/joda-time/2.10.5/joda-time-2.10.5.jar:/Users/nehashah/.m2/repository/commons-io/commons-io/2.6/commons-io-2.6.jar:/Users/nehashah/.m2/repository/org/codehaus/plexus/plexus-utils/3.3.0/plexus-utils-3.3.0.jar:/Users/nehashah/.m2/repository/org/jsoup/jsoup/1.12.1/jsoup-1.12.1.jar:/Users/nehashah/.m2/repository/com/googlecode/owasp-java-html-sanitizer/owasp-java-html-sanitizer/20191001.1/owasp-java-html-sanitizer-20191001.1.jar:/Users/nehashah/.m2/repository/com/google/guava/guava/27.1-jre/guava-27.1-jre.jar:/Users/nehashah/.m2/repository/com/google/guava/failureaccess/1.0.1/failureaccess-1.0.1.jar:/Users/nehashah/.m2/repository/com/google/guava/listenablefuture/9999.0-empty-to-avoid-conflict-with-guava/listenablefuture-9999.0-empty-to-avoid-conflict-with-guava.jar:/Users/nehashah/.m2/repository/com/google/code/findbugs/jsr305/3.0.2/jsr305-3.0.2.jar:/Users/nehashah/.m2/repository/org/checkerframework/checker-qual/2.5.2/checker-qual-2.5.2.jar:/Users/nehashah/.m2/repository/com/google/errorprone/error_prone_annotations/2.2.0/error_prone_annotations-2.2.0.jar:/Users/nehashah/.m2/repository/com/google/j2objc/j2objc-annotations/1.1/j2objc-annotations-1.1.jar:/Users/nehashah/.m2/repository/org/codehaus/mojo/animal-sniffer-annotations/1.17/animal-sniffer-annotations-1.17.jar:/Users/nehashah/.m2/repository/commons-configuration/commons-configuration/1.10/commons-configuration-1.10.jar:/Users/nehashah/.m2/repository/commons-lang/commons-lang/2.6/commons-lang-2.6.jar:"/>
    <property name="sun.cpu.endian" value="little"/>
    <property name="user.home" value="/Users/nehashah"/>
    <property name="user.language" value="en"/>
    <property name="java.specification.vendor" value="Oracle Corporation"/>
    <property name="java.version.date" value="2020-04-14"/>
    <property name="java.home" value="/Users/nehashah/Library/Java/JavaVirtualMachines/openjdk-14.0.1-1/Contents/Home"/>
    <property name="file.separator" value="/"/>
    <property name="basedir" value="/Users/nehashah/IdeaProjects/RestAssuredAPIDemo"/>
    <property name="java.vm.compressedOopsMode" value="Zero based"/>
    <property name="line.separator" value="&#10;"/>
    <property name="java.specification.name" value="Java Platform API Specification"/>
    <property name="java.vm.specification.vendor" value="Oracle Corporation"/>
    <property name="idea.version2020.1.2" value="true"/>
    <property name="surefire.real.class.path" value="/Users/nehashah/IdeaProjects/RestAssuredAPIDemo/target/surefire/surefirebooter11879922235861352700.jar"/>
    <property name="sun.management.compiler" value="HotSpot 64-Bit Tiered Compilers"/>
    <property name="ftp.nonProxyHosts" value="local|*.local|169.254/16|*.169.254/16"/>
    <property name="java.runtime.version" value="14.0.1+7"/>
    <property name="user.name" value="nehashah"/>
    <property name="path.separator" value=":"/>
    <property name="os.version" value="10.15.5"/>
    <property name="java.runtime.name" value="OpenJDK Runtime Environment"/>
    <property name="file.encoding" value="UTF-8"/>
    <property name="java.vm.name" value="OpenJDK 64-Bit Server VM"/>
    <property name="localRepository" value="/Users/nehashah/.m2/repository"/>
    <property name="java.vendor.url.bug" value="https://bugreport.java.com/bugreport/"/>
    <property name="java.io.tmpdir" value="/var/folders/gd/489fb7lj2rx708y20sn81zs40000gn/T/"/>
    <property name="java.version" value="14.0.1"/>
    <property name="user.dir" value="/Users/nehashah/IdeaProjects/RestAssuredAPIDemo"/>
    <property name="os.arch" value="x86_64"/>
    <property name="java.vm.specification.name" value="Java Virtual Machine Specification"/>
    <property name="java.library.path" value="/Users/nehashah/Library/Java/Extensions:/Library/Java/Extensions:/Network/Library/Java/Extensions:/System/Library/Java/Extensions:/usr/lib/java:."/>
    <property name="java.vm.info" value="mixed mode, sharing"/>
    <property name="java.vendor" value="Oracle Corporation"/>
    <property name="java.vm.version" value="14.0.1+7"/>
    <property name="sun.io.unicode.encoding" value="UnicodeBig"/>
    <property name="socksNonProxyHosts" value="local|*.local|169.254/16|*.169.254/16"/>
    <property name="java.class.version" value="58.0"/>
  </properties>
  <testcase name="initializationError" classname="cucumber.Options.TestRunner" time="0.003">
    <error message="Couldn&apos;t create a file output stream for target/cucumber-html-reports/cucumber.json.&#10;Make sure the the file isn&apos;t a directory.&#10;The details are in the stack trace below:" type="java.lang.IllegalArgumentException">java.lang.IllegalArgumentException: 
Couldn't create a file output stream for target/cucumber-html-reports/cucumber.json.
Make sure the the file isn't a directory.
The details are in the stack trace below:
Caused by: java.io.FileNotFoundException: target/cucumber-html-reports/cucumber.json (Not a directory)
</error>
  </testcase>
</testsuite>